<?xml version="1.0" encoding="UTF-8"?>
<!-- Generated by org.testng.reporters.JUnitReportReporter -->
<testsuite hostname="DESKTOP-FNF43CG" failures="0" tests="2" name="testCases.TC001_AccountRegistrationTest" time="35.001" errors="0" timestamp="2025-11-17T12:46:16 IST" skipped="0">
  <testcase classname="testCases.TC001_AccountRegistrationTest" name="Verify_account_registration" time="10.944"/>
  <testcase classname="testCases.TC001_AccountRegistrationTest" name="Verify_UserAccountInformationDetails" time="24.057"/>
</testsuite> <!-- testCases.TC001_AccountRegistrationTest -->
