<?xml version="1.0" encoding="UTF-8"?>
<!-- Generated by org.testng.reporters.JUnitReportReporter -->
<testsuite hostname="DESKTOP-FNF43CG" failures="0" tests="1" name="testCases.TC003_AccountLoginTestWithInvalidCredentials" time="5.892" errors="0" timestamp="2025-11-17T12:46:16 IST" skipped="0">
  <testcase classname="testCases.TC003_AccountLoginTestWithInvalidCredentials" name="Verify_LoginTestWithInvalidCredentials" time="5.892"/>
</testsuite> <!-- testCases.TC003_AccountLoginTestWithInvalidCredentials -->
