<?xml version="1.0" encoding="UTF-8"?>
<!-- Generated by org.testng.reporters.JUnitReportReporter -->
<testsuite hostname="DESKTOP-FNF43CG" failures="0" tests="2" name="testCases.TC001_AccountRegistrationTest" time="34.168" errors="0" timestamp="2025-11-16T11:36:55 IST" skipped="0">
  <testcase classname="testCases.TC001_AccountRegistrationTest" name="Verify_account_registration" time="12.054"/>
  <testcase classname="testCases.TC001_AccountRegistrationTest" name="Verify_UserAccountInformationDetails" time="22.114"/>
</testsuite> <!-- testCases.TC001_AccountRegistrationTest -->
