<?xml version="1.0" encoding="UTF-8"?>
<!-- Generated by org.testng.reporters.JUnitReportReporter -->
<testsuite hostname="DESKTOP-FNF43CG" failures="0" tests="1" name="testCases.TC007_VerifyAllProductsAndProductDetailPage" time="6.144" errors="0" timestamp="2025-11-16T19:08:12 IST" skipped="0">
  <testcase classname="testCases.TC007_VerifyAllProductsAndProductDetailPage" name="verifyAllProductsAndProductDetailPage" time="6.144"/>
</testsuite> <!-- testCases.TC007_VerifyAllProductsAndProductDetailPage -->
