<?xml version="1.0" encoding="UTF-8"?>
<!-- Generated by org.testng.reporters.JUnitReportReporter -->
<testsuite hostname="DESKTOP-FNF43CG" failures="0" tests="1" name="testCases.TC007_VerifyAllProductsAndProductDetailPage" time="23.193" errors="0" timestamp="2025-11-16T11:36:55 IST" skipped="0">
  <testcase classname="testCases.TC007_VerifyAllProductsAndProductDetailPage" name="verifyAllProductsAndProductDetailPage" time="23.193"/>
</testsuite> <!-- testCases.TC007_VerifyAllProductsAndProductDetailPage -->
