<?xml version="1.0" encoding="UTF-8"?>
<!-- Generated by org.testng.reporters.JUnitXMLReporter -->
<testsuite ignored="0" hostname="DESKTOP-FNF43CG" failures="0" tests="3" name="Surefire test(failed)" time="0.664" errors="0" timestamp="2025-11-16T19:14:03 IST">
  <testcase classname="testBase.BaseClass" name="@BeforeClass setup" time="-1.76330064332E9">
    <failure type="org.testng.TestNGException" message="
Parameter &amp;apos;os&amp;apos; is required by BeforeClass on method setup but has not been marked @Optional or defined
in C:\Users\RAHUL\git\repository\Hybrid_AutomationPractise\target\surefire-reports\testng-failed.xml">
      <![CDATA[org.testng.TestNGException: 
Parameter 'os' is required by BeforeClass on method setup but has not been marked @Optional or defined
in C:\Users\RAHUL\git\repository\Hybrid_AutomationPractise\target\surefire-reports\testng-failed.xml
at java.base/java.util.ArrayList.forEach(ArrayList.java:1596)
... Removed 22 stack frames]]>
    </failure>
  </testcase> <!-- @BeforeClass setup -->
  <testcase classname="testBase.BaseClass" name="@AfterClass tearDown" time="0.0">
    <skipped/>
  </testcase> <!-- @AfterClass tearDown -->
  <testcase classname="testBase.BaseClass" name="@BeforeClass setup" time="-1.763300643854E9">
    <failure type="org.testng.TestNGException" message="
Parameter &amp;apos;os&amp;apos; is required by BeforeClass on method setup but has not been marked @Optional or defined
in C:\Users\RAHUL\git\repository\Hybrid_AutomationPractise\target\surefire-reports\testng-failed.xml">
      <![CDATA[org.testng.TestNGException: 
Parameter 'os' is required by BeforeClass on method setup but has not been marked @Optional or defined
in C:\Users\RAHUL\git\repository\Hybrid_AutomationPractise\target\surefire-reports\testng-failed.xml
at java.base/java.util.ArrayList.forEach(ArrayList.java:1596)
... Removed 22 stack frames]]>
    </failure>
  </testcase> <!-- @BeforeClass setup -->
  <testcase classname="testBase.BaseClass" name="@AfterClass tearDown" time="0.0">
    <skipped/>
  </testcase> <!-- @AfterClass tearDown -->
  <testcase classname="testCases.TC001_AccountRegistrationTest" name="Verify_account_registration" time="0.0">
    <skipped/>
  </testcase> <!-- Verify_account_registration -->
  <testcase classname="testCases.TC001_AccountRegistrationTest" name="Verify_UserAccountInformationDetails" time="0.0">
    <skipped/>
  </testcase> <!-- Verify_UserAccountInformationDetails -->
  <testcase classname="testCases.TC002_AccountLoginTest" name="Verify_LoginTestWithCorrectEmailAndPassword" time="0.0">
    <skipped/>
  </testcase> <!-- Verify_LoginTestWithCorrectEmailAndPassword -->
</testsuite> <!-- Surefire test(failed) -->
