<?xml version="1.0" encoding="UTF-8"?>
<testng-results ignored="0" total="1" passed="1" failed="0" skipped="0">
  <reporter-output>
  </reporter-output>
  <suite started-at="2025-11-17T16:50:09 IST" name="Suite" finished-at="2025-11-17T16:50:29 IST" duration-ms="20619">
    <groups>
    </groups>
    <test started-at="2025-11-17T16:50:09 IST" name="Test" finished-at="2025-11-17T16:50:29 IST" duration-ms="20619">
      <class name="testCases.TC012_Verify_ProductQuantityInCart">
        <test-method is-config="true" signature="setup(java.lang.String,java.lang.String)[pri:0, instance:testCases.TC012_Verify_ProductQuantityInCart@426b6a74]" started-at="2025-11-17T16:50:09 IST" name="setup" finished-at="2025-11-17T16:50:19 IST" duration-ms="9803" status="PASS">
          <params>
            <param index="0">
              <value>
                <![CDATA[Windows]]>
              </value>
            </param>
            <param index="1">
              <value>
                <![CDATA[chrome]]>
              </value>
            </param>
          </params>
          <reporter-output>
          </reporter-output>
        </test-method> <!-- setup -->
        <test-method signature="Verify_ProductQuantityInCart()[pri:0, instance:testCases.TC012_Verify_ProductQuantityInCart@426b6a74]" started-at="2025-11-17T16:50:19 IST" name="Verify_ProductQuantityInCart" finished-at="2025-11-17T16:50:28 IST" duration-ms="9782" status="PASS">
          <reporter-output>
          </reporter-output>
        </test-method> <!-- Verify_ProductQuantityInCart -->
        <test-method is-config="true" signature="tearDown()[pri:0, instance:testCases.TC012_Verify_ProductQuantityInCart@426b6a74]" started-at="2025-11-17T16:50:29 IST" name="tearDown" finished-at="2025-11-17T16:50:29 IST" duration-ms="634" status="PASS">
          <reporter-output>
          </reporter-output>
        </test-method> <!-- tearDown -->
      </class> <!-- testCases.TC012_Verify_ProductQuantityInCart -->
    </test> <!-- Test -->
  </suite> <!-- Suite -->
</testng-results>
