<?xml version="1.0" encoding="UTF-8"?>
<testng-results ignored="0" total="1" passed="1" failed="0" skipped="0">
  <reporter-output>
  </reporter-output>
  <suite started-at="2025-11-16T19:39:14 IST" name="Suite" finished-at="2025-11-16T19:39:52 IST" duration-ms="38035">
    <groups>
    </groups>
    <test started-at="2025-11-16T19:39:14 IST" name="Test" finished-at="2025-11-16T19:39:52 IST" duration-ms="38035">
      <class name="testCases.TC005_VerifyContactUsForm">
        <test-method is-config="true" signature="setup(java.lang.String,java.lang.String)[pri:0, instance:testCases.TC005_VerifyContactUsForm@426b6a74]" started-at="2025-11-16T19:39:14 IST" name="setup" finished-at="2025-11-16T19:39:28 IST" duration-ms="14411" status="PASS">
          <params>
            <param index="0">
              <value>
                <![CDATA[Windows]]>
              </value>
            </param>
            <param index="1">
              <value>
                <![CDATA[chrome]]>
              </value>
            </param>
          </params>
          <reporter-output>
          </reporter-output>
        </test-method> <!-- setup -->
        <test-method signature="verify_ContactUsPage()[pri:0, instance:testCases.TC005_VerifyContactUsForm@426b6a74]" started-at="2025-11-16T19:39:28 IST" name="verify_ContactUsPage" finished-at="2025-11-16T19:39:50 IST" duration-ms="22057" status="PASS">
          <reporter-output>
          </reporter-output>
        </test-method> <!-- verify_ContactUsPage -->
        <test-method is-config="true" signature="tearDown()[pri:0, instance:testCases.TC005_VerifyContactUsForm@426b6a74]" started-at="2025-11-16T19:39:50 IST" name="tearDown" finished-at="2025-11-16T19:39:52 IST" duration-ms="1240" status="PASS">
          <reporter-output>
          </reporter-output>
        </test-method> <!-- tearDown -->
      </class> <!-- testCases.TC005_VerifyContactUsForm -->
    </test> <!-- Test -->
  </suite> <!-- Suite -->
</testng-results>
