<?xml version="1.0" encoding="UTF-8"?>
<!-- Generated by org.testng.reporters.JUnitXMLReporter -->
<testsuite ignored="0" hostname="DESKTOP-FNF43CG" failures="1" tests="9" name="Test" time="533.441" errors="0" timestamp="2025-11-16T11:36:55 IST">
  <testcase classname="testCases.TC001_AccountRegistrationTest" name="Verify_account_registration" time="12.054"/>
  <testcase classname="testCases.TC001_AccountRegistrationTest" name="Verify_UserAccountInformationDetails" time="22.114"/>
  <testcase classname="testCases.TC002_AccountLoginTest" name="Verify_LoginTestWithCorrectEmailAndPassword" time="14.025"/>
  <testcase classname="testCases.TC003_AccountLoginTestWithInvalidCredentials" name="Verify_LoginTestWithInvalidCredentials" time="180.341">
    <failure type="org.openqa.selenium.TimeoutException" message="java.util.concurrent.TimeoutException
Build info: version: &amp;apos;4.35.0&amp;apos;, revision: &amp;apos;1c58e5028b&amp;apos;
System info: os.name: &amp;apos;Windows 10&amp;apos;, os.arch: &amp;apos;amd64&amp;apos;, os.version: &amp;apos;10.0&amp;apos;, java.version: &amp;apos;21.0.7&amp;apos;
Driver info: org.openqa.selenium.chrome.ChromeDriver
Command: [fa3d0cd6dbeea66d436cbc54e4ccc4be, clickElement {id=f.BC87142F17C5EA694AF339631BC18EF6.d.DEC1ED3D838CAC2C8BDAFB22EF2C6646.e.9}]
Capabilities {acceptInsecureCerts: false, browserName: chrome, browserVersion: 142.0.7444.163, chrome: {chromedriverVersion: 142.0.7444.162 (c076baf266c..., userDataDir: C:\Users\RAHUL\AppData\Loca...}, fedcm:accounts: true, goog:chromeOptions: {debuggerAddress: localhost:53380}, goog:processID: 7228, networkConnectionEnabled: false, pageLoadStrategy: normal, platformName: windows, proxy: Proxy(), se:cdp: ws://localhost:53380/devtoo..., se:cdpVersion: 142.0.7444.163, setWindowRect: true, strictFileInteractability: false, timeouts: {implicit: 0, pageLoad: 300000, script: 30000}, unhandledPromptBehavior: dismiss and notify, webauthn:extension:credBlob: true, webauthn:extension:largeBlob: true, webauthn:extension:minPinLength: true, webauthn:extension:prf: true, webauthn:virtualAuthenticators: true}
Element: [[ChromeDriver: chrome on windows (fa3d0cd6dbeea66d436cbc54e4ccc4be)] -&amp;gt; xpath: //ul[@class=&amp;apos;nav navbar-nav&amp;apos;]/child::li//a[@href=&amp;apos;/login&amp;apos;]]
Session ID: fa3d0cd6dbeea66d436cbc54e4ccc4be">
      <![CDATA[org.openqa.selenium.TimeoutException: java.util.concurrent.TimeoutException
Build info: version: '4.35.0', revision: '1c58e5028b'
System info: os.name: 'Windows 10', os.arch: 'amd64', os.version: '10.0', java.version: '21.0.7'
Driver info: org.openqa.selenium.chrome.ChromeDriver
Command: [fa3d0cd6dbeea66d436cbc54e4ccc4be, clickElement {id=f.BC87142F17C5EA694AF339631BC18EF6.d.DEC1ED3D838CAC2C8BDAFB22EF2C6646.e.9}]
Capabilities {acceptInsecureCerts: false, browserName: chrome, browserVersion: 142.0.7444.163, chrome: {chromedriverVersion: 142.0.7444.162 (c076baf266c..., userDataDir: C:\Users\RAHUL\AppData\Loca...}, fedcm:accounts: true, goog:chromeOptions: {debuggerAddress: localhost:53380}, goog:processID: 7228, networkConnectionEnabled: false, pageLoadStrategy: normal, platformName: windows, proxy: Proxy(), se:cdp: ws://localhost:53380/devtoo..., se:cdpVersion: 142.0.7444.163, setWindowRect: true, strictFileInteractability: false, timeouts: {implicit: 0, pageLoad: 300000, script: 30000}, unhandledPromptBehavior: dismiss and notify, webauthn:extension:credBlob: true, webauthn:extension:largeBlob: true, webauthn:extension:minPinLength: true, webauthn:extension:prf: true, webauthn:virtualAuthenticators: true}
Element: [[ChromeDriver: chrome on windows (fa3d0cd6dbeea66d436cbc54e4ccc4be)] -> xpath: //ul[@class='nav navbar-nav']/child::li//a[@href='/login']]
Session ID: fa3d0cd6dbeea66d436cbc54e4ccc4be
at org.openqa.selenium.remote.http.jdk.JdkHttpClient.execute(JdkHttpClient.java:427)
at org.openqa.selenium.remote.HttpCommandExecutor.execute(HttpCommandExecutor.java:212)
at org.openqa.selenium.remote.service.DriverCommandExecutor.invokeExecute(DriverCommandExecutor.java:216)
at org.openqa.selenium.remote.service.DriverCommandExecutor.execute(DriverCommandExecutor.java:174)
at org.openqa.selenium.remote.RemoteWebDriver.execute(RemoteWebDriver.java:557)
at org.openqa.selenium.remote.RemoteWebElement.execute(RemoteWebElement.java:223)
at org.openqa.selenium.remote.RemoteWebElement.click(RemoteWebElement.java:76)
at org.openqa.selenium.support.pagefactory.internal.LocatingElementHandler.invoke(LocatingElementHandler.java:51)
at jdk.proxy2/jdk.proxy2.$Proxy32.click(Unknown Source)
at pageObjects.HomePage.click_signUpLoginLink(HomePage.java:32)
at testCases.TC003_AccountLoginTestWithInvalidCredentials.Verify_LoginTestWithInvalidCredentials(TC003_AccountLoginTestWithInvalidCredentials.java:18)
at java.base/java.util.ArrayList.forEach(ArrayList.java:1596)
Caused by: java.util.concurrent.TimeoutException
at java.base/java.util.concurrent.CompletableFuture$Timeout.run(CompletableFuture.java:2920)
at java.base/java.util.concurrent.Executors$RunnableAdapter.call(Executors.java:572)
at java.base/java.util.concurrent.FutureTask.run(FutureTask.java:317)
at java.base/java.util.concurrent.ScheduledThreadPoolExecutor$ScheduledFutureTask.run(ScheduledThreadPoolExecutor.java:304)
at java.base/java.util.concurrent.ThreadPoolExecutor.runWorker(ThreadPoolExecutor.java:1144)
at java.base/java.util.concurrent.ThreadPoolExecutor$Worker.run(ThreadPoolExecutor.java:642)
at java.base/java.lang.Thread.run(Thread.java:1583)
... Removed 27 stack frames]]>
    </failure>
  </testcase> <!-- Verify_LoginTestWithInvalidCredentials -->
  <testcase classname="testCases.TC004_RgisterUserWithExistingEmail" name="verify_RegistrationWithExistingEmail" time="7.895"/>
  <testcase classname="testCases.TC005_VerifyContactUsForm" name="verify_ContactUsPage" time="56.482"/>
  <testcase classname="testCases.TC006_VerifyTestCasesPage" name="verify_TestCasesPage" time="3.759"/>
  <testcase classname="testCases.TC007_VerifyAllProductsAndProductDetailPage" name="verifyAllProductsAndProductDetailPage" time="23.193"/>
  <testcase classname="testCases.TC008_VerifySearchProductModule" name="verify_SearchProductModule" time="31.005"/>
</testsuite> <!-- Test -->
